*** Using Compiler 'V5.06 update 7 (build 960)', folder: 'D:\MDK5\ARM\ARMCC\Bin'
Rebuild target 'Pro3'
assembling startup_stm32g431xx.s...
compiling main.c...
compiling stm32g4xx_hal_tim_ex.c...
compiling stm32g4xx_hal.c...
compiling stm32g4xx_hal_flash_ramfunc.c...
compiling stm32g4xx_hal_rcc.c...
compiling stm32g4xx_hal_pwr_ex.c...
compiling gpio.c...
compiling stm32g4xx_hal_exti.c...
compiling stm32g4xx_hal_gpio.c...
compiling stm32g4xx_hal_msp.c...
compiling stm32g4xx_it.c...
compiling tim.c...
compiling stm32g4xx_hal_flash_ex.c...
compiling stm32g4xx_hal_rcc_ex.c...
compiling stm32g4xx_hal_tim.c...
compiling stm32g4xx_hal_flash.c...
compiling led.c...
compiling system_stm32g4xx.c...
compiling stm32g4xx_hal_cortex.c...
compiling stm32g4xx_hal_dma.c...
compiling stm32g4xx_hal_pwr.c...
compiling stm32g4xx_hal_dma_ex.c...
linking...
Program Size: Code=6646 RO-data=522 RW-data=16 ZI-data=1784  
FromELF: creating hex file...
"Pro3\Pro3.axf" - 0 Error(s), 0 Warning(s).
Build Time Elapsed:  00:00:10
